11:52:52.591 request:
1 > POST https://petstore.swagger.io/v2/user
1 > Accept-Encoding: gzip,deflate
1 > Connection: Keep-Alive
1 > Content-Length: 199
1 > Content-Type: application/json; charset=UTF-8
1 > Host: petstore.swagger.io
1 > User-Agent: Apache-HttpClient/4.5.12 (Java/1.8.0_342)
{"id":-56908596,"username":"UserTest","firstName":"UserTest","lastName":"amet et nulla","email":"exercitation laboris","password":"ut voluptate","phone":"pariatur consectetur","userStatus":-45381913}

11:52:53.307 response time in milliseconds: 708,94
1 < 200
1 < Access-Control-Allow-Headers: Content-Type, api_key, Authorization
1 < Access-Control-Allow-Methods: GET, POST, DELETE, PUT
1 < Access-Control-Allow-Origin: *
1 < Connection: keep-alive
1 < Content-Type: application/json
1 < Date: Mon, 29 Aug 2022 16:52:53 GMT
1 < Server: Jetty(9.2.9.v20150224)
1 < Transfer-Encoding: chunked
{"code":200,"type":"unknown","message":"9222968140497213261"}

11:52:53.338 request:
1 > POST https://petstore.swagger.io/v2/user
1 > Accept-Encoding: gzip,deflate
1 > Connection: Keep-Alive
1 > Content-Length: 8
1 > Content-Type: text/plain; charset=UTF-8
1 > Host: petstore.swagger.io
1 > User-Agent: Apache-HttpClient/4.5.12 (Java/1.8.0_342)
97779898

11:52:53.729 response time in milliseconds: 399,56
1 < 415
1 < Access-Control-Allow-Headers: Content-Type, api_key, Authorization
1 < Access-Control-Allow-Methods: GET, POST, DELETE, PUT
1 < Access-Control-Allow-Origin: *
1 < Connection: keep-alive
1 < Content-Type: application/json
1 < Date: Mon, 29 Aug 2022 16:52:53 GMT
1 < Server: Jetty(9.2.9.v20150224)
1 < Transfer-Encoding: chunked
{"code":415,"type":"unknown","message":"com.sun.jersey.api.MessageException: A message body reader for Java class io.swagger.sample.model.User, and Java type class io.swagger.sample.model.User, and MIME media type text/plain; charset=UTF-8 was not found.\nThe registered message body readers compatible with the MIME media type are:\n*/* ->\n  com.sun.jersey.core.impl.provider.entity.FormProvider\n  com.sun.jersey.core.impl.provider.entity.StringProvider\n  com.sun.jersey.core.impl.provider.entity.ByteArrayProvider\n  com.sun.jersey.core.impl.provider.entity.FileProvider\n  com.sun.jersey.core.impl.provider.entity.InputStreamProvider\n  com.sun.jersey.core.impl.provider.entity.DataSourceProvider\n  com.sun.jersey.core.impl.provider.entity.XMLJAXBElementProvider$General\n  com.sun.jersey.core.impl.provider.entity.ReaderProvider\n  com.sun.jersey.core.impl.provider.entity.DocumentProvider\n  com.sun.jersey.core.impl.provider.entity.SourceProvider$StreamSourceReader\n  com.sun.jersey.core.impl.provider.entity.SourceProvider$SAXSourceReader\n  com.sun.jersey.core.impl.provider.entity.SourceProvider$DOMSourceReader\n  com.sun.jersey.json.impl.provider.entity.JSONJAXBElementProvider$General\n  com.sun.jersey.json.impl.provider.entity.JSONArrayProvider$General\n  com.sun.jersey.json.impl.provider.entity.JSONObjectProvider$General\n  com.fasterxml.jackson.jaxrs.json.JacksonJsonProvider\n  com.sun.jersey.core.impl.provider.entity.XMLRootElementProvider$General\n  com.sun.jersey.core.impl.provider.entity.XMLListElementProvider$General\n  com.sun.jersey.core.impl.provider.entity.XMLRootObjectProvider$General\n  com.sun.jersey.core.impl.provider.entity.EntityHolderReader\n  com.sun.jersey.json.impl.provider.entity.JSONRootElementProvider$General\n  com.sun.jersey.json.impl.provider.entity.JSONListElementProvider$General\n  com.sun.jersey.json.impl.provider.entity.JacksonProviderProxy\ntext/plain; charset=UTF-8 ->\n  com.sun.jersey.core.impl.provider.entity.StringProvider\n  com.sun.jersey.core.impl.provider.entity.ReaderProvider\n"}

11:52:53.760 request:
1 > POST https://petstore.swagger.io/v2/user
1 > Accept-Encoding: gzip,deflate
1 > Connection: Keep-Alive
1 > Content-Length: 6
1 > Content-Type: text/plain; charset=UTF-8
1 > Host: petstore.swagger.io
1 > User-Agent: Apache-HttpClient/4.5.12 (Java/1.8.0_342)
)(/(  

11:52:54.151 response time in milliseconds: 401,42
1 < 415
1 < Access-Control-Allow-Headers: Content-Type, api_key, Authorization
1 < Access-Control-Allow-Methods: GET, POST, DELETE, PUT
1 < Access-Control-Allow-Origin: *
1 < Connection: keep-alive
1 < Content-Type: application/json
1 < Date: Mon, 29 Aug 2022 16:52:54 GMT
1 < Server: Jetty(9.2.9.v20150224)
1 < Transfer-Encoding: chunked
{"code":415,"type":"unknown","message":"com.sun.jersey.api.MessageException: A message body reader for Java class io.swagger.sample.model.User, and Java type class io.swagger.sample.model.User, and MIME media type text/plain; charset=UTF-8 was not found.\nThe registered message body readers compatible with the MIME media type are:\n*/* ->\n  com.sun.jersey.core.impl.provider.entity.FormProvider\n  com.sun.jersey.core.impl.provider.entity.StringProvider\n  com.sun.jersey.core.impl.provider.entity.ByteArrayProvider\n  com.sun.jersey.core.impl.provider.entity.FileProvider\n  com.sun.jersey.core.impl.provider.entity.InputStreamProvider\n  com.sun.jersey.core.impl.provider.entity.DataSourceProvider\n  com.sun.jersey.core.impl.provider.entity.XMLJAXBElementProvider$General\n  com.sun.jersey.core.impl.provider.entity.ReaderProvider\n  com.sun.jersey.core.impl.provider.entity.DocumentProvider\n  com.sun.jersey.core.impl.provider.entity.SourceProvider$StreamSourceReader\n  com.sun.jersey.core.impl.provider.entity.SourceProvider$SAXSourceReader\n  com.sun.jersey.core.impl.provider.entity.SourceProvider$DOMSourceReader\n  com.sun.jersey.json.impl.provider.entity.JSONJAXBElementProvider$General\n  com.sun.jersey.json.impl.provider.entity.JSONArrayProvider$General\n  com.sun.jersey.json.impl.provider.entity.JSONObjectProvider$General\n  com.fasterxml.jackson.jaxrs.json.JacksonJsonProvider\n  com.sun.jersey.core.impl.provider.entity.XMLRootElementProvider$General\n  com.sun.jersey.core.impl.provider.entity.XMLListElementProvider$General\n  com.sun.jersey.core.impl.provider.entity.XMLRootObjectProvider$General\n  com.sun.jersey.core.impl.provider.entity.EntityHolderReader\n  com.sun.jersey.json.impl.provider.entity.JSONRootElementProvider$General\n  com.sun.jersey.json.impl.provider.entity.JSONListElementProvider$General\n  com.sun.jersey.json.impl.provider.entity.JacksonProviderProxy\ntext/plain; charset=UTF-8 ->\n  com.sun.jersey.core.impl.provider.entity.StringProvider\n  com.sun.jersey.core.impl.provider.entity.ReaderProvider\n"}

